<?xml version="1.0" encoding="UTF-8"?>
<!-- Generated by org.testng.reporters.JUnitXMLReporter -->
<testsuite ignored="0" hostname="Accops_VDA16" failures="0" tests="2" name="Partner Portal App Test Cases" time="16.47" errors="0" timestamp="2024-10-07T16:36:42 IST">
  <testcase classname="com.partnerPortal.qa.testcases.LoginPageTest" name="loginTest" time="1.905"/>
  <testcase classname="com.partnerPortal.qa.testcases.LoginPageTest" name="loginPageTitleTest" time="0.017"/>
</testsuite> <!-- Partner Portal App Test Cases -->
