<?xml version="1.0" encoding="UTF-8"?>
<!-- Generated by org.testng.reporters.JUnitXMLReporter -->
<testsuite ignored="0" hostname="Accops_VDA16" failures="0" tests="19" name="Partner Portal App Test Cases" time="315.04" errors="0" timestamp="2024-10-08T11:32:21 IST">
  <testcase classname="com.partnerPortal.qa.testcases.LoginPageTest" name="loginTest" time="2.493"/>
  <testcase classname="com.partnerPortal.qa.testcases.LoginPageTest" name="loginPageTitleTest" time="0.204"/>
  <testcase classname="com.partnerPortal.qa.testcases.HomePageTest" name="verifyHomePageTitleTest" time="0.023"/>
  <testcase classname="com.partnerPortal.qa.testcases.HomePageTest" name="verifyHomePageTitle" time="3.908"/>
  <testcase classname="com.partnerPortal.qa.testcases.HomePageTest" name="verifyUserNameTest" time="4.807"/>
  <testcase classname="com.partnerPortal.qa.testcases.HomePageTest" name="verifyUserDetails" time="2.747"/>
  <testcase classname="com.partnerPortal.qa.testcases.HomePageTest" name="verifyLoginDetails" time="3.237"/>
  <testcase classname="com.partnerPortal.qa.testcases.HomePageTest" name="verifyPreIssuance_FYIP" time="5.95"/>
  <testcase classname="com.partnerPortal.qa.testcases.HomePageTest" name="verifyPostIssuance_FYIP" time="4.832"/>
  <testcase classname="com.partnerPortal.qa.testcases.HomePageTest" name="clickMtd" time="10.949"/>
  <testcase classname="com.partnerPortal.qa.testcases.HomePageTest" name="verifyPreIssuance_MTD" time="10.538"/>
  <testcase classname="com.partnerPortal.qa.testcases.HomePageTest" name="verifyPostIssuance_MTD" time="7.773"/>
  <testcase classname="com.partnerPortal.qa.testcases.HomePageTest" name="clickYTD" time="5.243"/>
  <testcase classname="com.partnerPortal.qa.testcases.HomePageTest" name="verifyPreIssuance_YTD" time="6.28"/>
  <testcase classname="com.partnerPortal.qa.testcases.HomePageTest" name="verifyPostIssuance_YTD" time="6.774"/>
  <testcase classname="com.partnerPortal.qa.testcases.HomePageTest" name="verifyNach_FYIP" time="2.684"/>
  <testcase classname="com.partnerPortal.qa.testcases.HomePageTest" name="verifyNach_MTD" time="7.407"/>
  <testcase classname="com.partnerPortal.qa.testcases.HomePageTest" name="reports" time="5.094"/>
  <testcase classname="com.partnerPortal.qa.testcases.HomePageTest" name="logout" time="0.332"/>
</testsuite> <!-- Partner Portal App Test Cases -->
