<?xml version="1.0" encoding="UTF-8"?>
<testng-results ignored="0" total="19" passed="19" failed="0" skipped="0">
  <reporter-output>
  </reporter-output>
  <suite started-at="2024-10-08T11:27:06 IST" name="Partner Portal Application Test Automation Test Suite" finished-at="2024-10-08T11:32:21 IST" duration-ms="315040">
    <groups>
    </groups>
    <test started-at="2024-10-08T11:27:06 IST" name="Partner Portal App Test Cases" finished-at="2024-10-08T11:32:21 IST" duration-ms="315040">
      <class name="com.partnerPortal.qa.testcases.LoginPageTest">
        <test-method is-config="true" signature="setUp()[pri:0, instance:com.partnerPortal.qa.testcases.LoginPageTest@2925bf5b]" started-at="2024-10-08T11:27:07 IST" name="setUp" finished-at="2024-10-08T11:27:27 IST" duration-ms="19997" status="PASS">
          <reporter-output>
          </reporter-output>
        </test-method> <!-- setUp -->
        <test-method signature="loginTest()[pri:0, instance:com.partnerPortal.qa.testcases.LoginPageTest@2925bf5b]" started-at="2024-10-08T11:27:27 IST" name="loginTest" finished-at="2024-10-08T11:27:29 IST" duration-ms="2493" status="PASS">
          <reporter-output>
          </reporter-output>
        </test-method> <!-- loginTest -->
        <test-method is-config="true" signature="tearDown()[pri:0, instance:com.partnerPortal.qa.testcases.LoginPageTest@2925bf5b]" started-at="2024-10-08T11:27:29 IST" name="tearDown" finished-at="2024-10-08T11:27:31 IST" duration-ms="1483" status="PASS">
          <reporter-output>
          </reporter-output>
        </test-method> <!-- tearDown -->
        <test-method is-config="true" signature="setUp()[pri:0, instance:com.partnerPortal.qa.testcases.LoginPageTest@2925bf5b]" started-at="2024-10-08T11:27:31 IST" name="setUp" finished-at="2024-10-08T11:27:42 IST" duration-ms="10695" status="PASS">
          <reporter-output>
          </reporter-output>
        </test-method> <!-- setUp -->
        <test-method signature="loginPageTitleTest()[pri:1, instance:com.partnerPortal.qa.testcases.LoginPageTest@2925bf5b]" started-at="2024-10-08T11:27:42 IST" name="loginPageTitleTest" finished-at="2024-10-08T11:27:42 IST" duration-ms="204" status="PASS">
          <reporter-output>
          </reporter-output>
        </test-method> <!-- loginPageTitleTest -->
        <test-method is-config="true" signature="tearDown()[pri:0, instance:com.partnerPortal.qa.testcases.LoginPageTest@2925bf5b]" started-at="2024-10-08T11:27:42 IST" name="tearDown" finished-at="2024-10-08T11:27:44 IST" duration-ms="1849" status="PASS">
          <reporter-output>
          </reporter-output>
        </test-method> <!-- tearDown -->
      </class> <!-- com.partnerPortal.qa.testcases.LoginPageTest -->
      <class name="com.partnerPortal.qa.testcases.HomePageTest">
        <test-method is-config="true" signature="setUp()[pri:0, instance:com.partnerPortal.qa.testcases.HomePageTest@10aa41f2]" started-at="2024-10-08T11:27:44 IST" name="setUp" finished-at="2024-10-08T11:28:05 IST" duration-ms="21361" status="PASS">
          <reporter-output>
          </reporter-output>
        </test-method> <!-- setUp -->
        <test-method signature="verifyHomePageTitleTest()[pri:1, instance:com.partnerPortal.qa.testcases.HomePageTest@10aa41f2]" started-at="2024-10-08T11:28:05 IST" name="verifyHomePageTitleTest" finished-at="2024-10-08T11:28:05 IST" duration-ms="23" status="PASS">
          <reporter-output>
          </reporter-output>
        </test-method> <!-- verifyHomePageTitleTest -->
        <test-method is-config="true" signature="tearDown()[pri:0, instance:com.partnerPortal.qa.testcases.HomePageTest@10aa41f2]" started-at="2024-10-08T11:28:05 IST" name="tearDown" finished-at="2024-10-08T11:28:06 IST" duration-ms="1207" status="PASS">
          <reporter-output>
          </reporter-output>
        </test-method> <!-- tearDown -->
        <test-method is-config="true" signature="setUp()[pri:0, instance:com.partnerPortal.qa.testcases.HomePageTest@10aa41f2]" started-at="2024-10-08T11:28:06 IST" name="setUp" finished-at="2024-10-08T11:28:18 IST" duration-ms="11894" status="PASS">
          <reporter-output>
          </reporter-output>
        </test-method> <!-- setUp -->
        <test-method signature="verifyHomePageTitle()[pri:2, instance:com.partnerPortal.qa.testcases.HomePageTest@10aa41f2]" started-at="2024-10-08T11:28:18 IST" name="verifyHomePageTitle" finished-at="2024-10-08T11:28:22 IST" duration-ms="3908" status="PASS">
          <reporter-output>
          </reporter-output>
        </test-method> <!-- verifyHomePageTitle -->
        <test-method is-config="true" signature="tearDown()[pri:0, instance:com.partnerPortal.qa.testcases.HomePageTest@10aa41f2]" started-at="2024-10-08T11:28:22 IST" name="tearDown" finished-at="2024-10-08T11:28:23 IST" duration-ms="1251" status="PASS">
          <reporter-output>
          </reporter-output>
        </test-method> <!-- tearDown -->
        <test-method is-config="true" signature="setUp()[pri:0, instance:com.partnerPortal.qa.testcases.HomePageTest@10aa41f2]" started-at="2024-10-08T11:28:23 IST" name="setUp" finished-at="2024-10-08T11:28:36 IST" duration-ms="12411" status="PASS">
          <reporter-output>
          </reporter-output>
        </test-method> <!-- setUp -->
        <test-method signature="verifyUserNameTest()[pri:3, instance:com.partnerPortal.qa.testcases.HomePageTest@10aa41f2]" started-at="2024-10-08T11:28:36 IST" name="verifyUserNameTest" finished-at="2024-10-08T11:28:41 IST" duration-ms="4807" status="PASS">
          <reporter-output>
          </reporter-output>
        </test-method> <!-- verifyUserNameTest -->
        <test-method is-config="true" signature="tearDown()[pri:0, instance:com.partnerPortal.qa.testcases.HomePageTest@10aa41f2]" started-at="2024-10-08T11:28:41 IST" name="tearDown" finished-at="2024-10-08T11:28:42 IST" duration-ms="1571" status="PASS">
          <reporter-output>
          </reporter-output>
        </test-method> <!-- tearDown -->
        <test-method is-config="true" signature="setUp()[pri:0, instance:com.partnerPortal.qa.testcases.HomePageTest@10aa41f2]" started-at="2024-10-08T11:28:42 IST" name="setUp" finished-at="2024-10-08T11:28:51 IST" duration-ms="9030" status="PASS">
          <reporter-output>
          </reporter-output>
        </test-method> <!-- setUp -->
        <test-method signature="verifyUserDetails()[pri:4, instance:com.partnerPortal.qa.testcases.HomePageTest@10aa41f2]" started-at="2024-10-08T11:28:51 IST" name="verifyUserDetails" finished-at="2024-10-08T11:28:54 IST" duration-ms="2747" status="PASS">
          <reporter-output>
          </reporter-output>
        </test-method> <!-- verifyUserDetails -->
        <test-method is-config="true" signature="tearDown()[pri:0, instance:com.partnerPortal.qa.testcases.HomePageTest@10aa41f2]" started-at="2024-10-08T11:28:54 IST" name="tearDown" finished-at="2024-10-08T11:28:55 IST" duration-ms="1269" status="PASS">
          <reporter-output>
          </reporter-output>
        </test-method> <!-- tearDown -->
        <test-method is-config="true" signature="setUp()[pri:0, instance:com.partnerPortal.qa.testcases.HomePageTest@10aa41f2]" started-at="2024-10-08T11:28:55 IST" name="setUp" finished-at="2024-10-08T11:29:04 IST" duration-ms="9257" status="PASS">
          <reporter-output>
          </reporter-output>
        </test-method> <!-- setUp -->
        <test-method signature="verifyLoginDetails()[pri:5, instance:com.partnerPortal.qa.testcases.HomePageTest@10aa41f2]" started-at="2024-10-08T11:29:04 IST" name="verifyLoginDetails" finished-at="2024-10-08T11:29:08 IST" duration-ms="3237" status="PASS">
          <reporter-output>
          </reporter-output>
        </test-method> <!-- verifyLoginDetails -->
        <test-method is-config="true" signature="tearDown()[pri:0, instance:com.partnerPortal.qa.testcases.HomePageTest@10aa41f2]" started-at="2024-10-08T11:29:08 IST" name="tearDown" finished-at="2024-10-08T11:29:09 IST" duration-ms="1590" status="PASS">
          <reporter-output>
          </reporter-output>
        </test-method> <!-- tearDown -->
        <test-method is-config="true" signature="setUp()[pri:0, instance:com.partnerPortal.qa.testcases.HomePageTest@10aa41f2]" started-at="2024-10-08T11:29:09 IST" name="setUp" finished-at="2024-10-08T11:29:18 IST" duration-ms="8586" status="PASS">
          <reporter-output>
          </reporter-output>
        </test-method> <!-- setUp -->
        <test-method signature="verifyPreIssuance_FYIP()[pri:6, instance:com.partnerPortal.qa.testcases.HomePageTest@10aa41f2]" started-at="2024-10-08T11:29:18 IST" name="verifyPreIssuance_FYIP" finished-at="2024-10-08T11:29:24 IST" duration-ms="5950" status="PASS">
          <reporter-output>
          </reporter-output>
        </test-method> <!-- verifyPreIssuance_FYIP -->
        <test-method is-config="true" signature="tearDown()[pri:0, instance:com.partnerPortal.qa.testcases.HomePageTest@10aa41f2]" started-at="2024-10-08T11:29:24 IST" name="tearDown" finished-at="2024-10-08T11:29:25 IST" duration-ms="1206" status="PASS">
          <reporter-output>
          </reporter-output>
        </test-method> <!-- tearDown -->
        <test-method is-config="true" signature="setUp()[pri:0, instance:com.partnerPortal.qa.testcases.HomePageTest@10aa41f2]" started-at="2024-10-08T11:29:25 IST" name="setUp" finished-at="2024-10-08T11:29:33 IST" duration-ms="8379" status="PASS">
          <reporter-output>
          </reporter-output>
        </test-method> <!-- setUp -->
        <test-method signature="verifyPostIssuance_FYIP()[pri:7, instance:com.partnerPortal.qa.testcases.HomePageTest@10aa41f2]" started-at="2024-10-08T11:29:33 IST" name="verifyPostIssuance_FYIP" finished-at="2024-10-08T11:29:38 IST" duration-ms="4832" status="PASS">
          <reporter-output>
          </reporter-output>
        </test-method> <!-- verifyPostIssuance_FYIP -->
        <test-method is-config="true" signature="tearDown()[pri:0, instance:com.partnerPortal.qa.testcases.HomePageTest@10aa41f2]" started-at="2024-10-08T11:29:38 IST" name="tearDown" finished-at="2024-10-08T11:29:40 IST" duration-ms="1313" status="PASS">
          <reporter-output>
          </reporter-output>
        </test-method> <!-- tearDown -->
        <test-method is-config="true" signature="setUp()[pri:0, instance:com.partnerPortal.qa.testcases.HomePageTest@10aa41f2]" started-at="2024-10-08T11:29:40 IST" name="setUp" finished-at="2024-10-08T11:29:51 IST" duration-ms="11058" status="PASS">
          <reporter-output>
          </reporter-output>
        </test-method> <!-- setUp -->
        <test-method signature="clickMtd()[pri:8, instance:com.partnerPortal.qa.testcases.HomePageTest@10aa41f2]" started-at="2024-10-08T11:29:51 IST" name="clickMtd" finished-at="2024-10-08T11:30:02 IST" duration-ms="10949" status="PASS">
          <reporter-output>
          </reporter-output>
        </test-method> <!-- clickMtd -->
        <test-method is-config="true" signature="tearDown()[pri:0, instance:com.partnerPortal.qa.testcases.HomePageTest@10aa41f2]" started-at="2024-10-08T11:30:02 IST" name="tearDown" finished-at="2024-10-08T11:30:03 IST" duration-ms="1370" status="PASS">
          <reporter-output>
          </reporter-output>
        </test-method> <!-- tearDown -->
        <test-method is-config="true" signature="setUp()[pri:0, instance:com.partnerPortal.qa.testcases.HomePageTest@10aa41f2]" started-at="2024-10-08T11:30:03 IST" name="setUp" finished-at="2024-10-08T11:30:14 IST" duration-ms="11189" status="PASS">
          <reporter-output>
          </reporter-output>
        </test-method> <!-- setUp -->
        <test-method signature="verifyPreIssuance_MTD()[pri:9, instance:com.partnerPortal.qa.testcases.HomePageTest@10aa41f2]" started-at="2024-10-08T11:30:14 IST" name="verifyPreIssuance_MTD" finished-at="2024-10-08T11:30:25 IST" duration-ms="10538" status="PASS">
          <reporter-output>
          </reporter-output>
        </test-method> <!-- verifyPreIssuance_MTD -->
        <test-method is-config="true" signature="tearDown()[pri:0, instance:com.partnerPortal.qa.testcases.HomePageTest@10aa41f2]" started-at="2024-10-08T11:30:25 IST" name="tearDown" finished-at="2024-10-08T11:30:26 IST" duration-ms="1260" status="PASS">
          <reporter-output>
          </reporter-output>
        </test-method> <!-- tearDown -->
        <test-method is-config="true" signature="setUp()[pri:0, instance:com.partnerPortal.qa.testcases.HomePageTest@10aa41f2]" started-at="2024-10-08T11:30:26 IST" name="setUp" finished-at="2024-10-08T11:30:35 IST" duration-ms="9451" status="PASS">
          <reporter-output>
          </reporter-output>
        </test-method> <!-- setUp -->
        <test-method signature="verifyPostIssuance_MTD()[pri:10, instance:com.partnerPortal.qa.testcases.HomePageTest@10aa41f2]" started-at="2024-10-08T11:30:35 IST" name="verifyPostIssuance_MTD" finished-at="2024-10-08T11:30:43 IST" duration-ms="7773" status="PASS">
          <reporter-output>
          </reporter-output>
        </test-method> <!-- verifyPostIssuance_MTD -->
        <test-method is-config="true" signature="tearDown()[pri:0, instance:com.partnerPortal.qa.testcases.HomePageTest@10aa41f2]" started-at="2024-10-08T11:30:43 IST" name="tearDown" finished-at="2024-10-08T11:30:45 IST" duration-ms="1408" status="PASS">
          <reporter-output>
          </reporter-output>
        </test-method> <!-- tearDown -->
        <test-method is-config="true" signature="setUp()[pri:0, instance:com.partnerPortal.qa.testcases.HomePageTest@10aa41f2]" started-at="2024-10-08T11:30:45 IST" name="setUp" finished-at="2024-10-08T11:30:52 IST" duration-ms="7119" status="PASS">
          <reporter-output>
          </reporter-output>
        </test-method> <!-- setUp -->
        <test-method signature="clickYTD()[pri:11, instance:com.partnerPortal.qa.testcases.HomePageTest@10aa41f2]" started-at="2024-10-08T11:30:52 IST" name="clickYTD" finished-at="2024-10-08T11:30:57 IST" duration-ms="5243" status="PASS">
          <reporter-output>
          </reporter-output>
        </test-method> <!-- clickYTD -->
        <test-method is-config="true" signature="tearDown()[pri:0, instance:com.partnerPortal.qa.testcases.HomePageTest@10aa41f2]" started-at="2024-10-08T11:30:57 IST" name="tearDown" finished-at="2024-10-08T11:30:58 IST" duration-ms="1460" status="PASS">
          <reporter-output>
          </reporter-output>
        </test-method> <!-- tearDown -->
        <test-method is-config="true" signature="setUp()[pri:0, instance:com.partnerPortal.qa.testcases.HomePageTest@10aa41f2]" started-at="2024-10-08T11:30:58 IST" name="setUp" finished-at="2024-10-08T11:31:08 IST" duration-ms="9424" status="PASS">
          <reporter-output>
          </reporter-output>
        </test-method> <!-- setUp -->
        <test-method signature="verifyPreIssuance_YTD()[pri:12, instance:com.partnerPortal.qa.testcases.HomePageTest@10aa41f2]" started-at="2024-10-08T11:31:08 IST" name="verifyPreIssuance_YTD" finished-at="2024-10-08T11:31:14 IST" duration-ms="6280" status="PASS">
          <reporter-output>
          </reporter-output>
        </test-method> <!-- verifyPreIssuance_YTD -->
        <test-method is-config="true" signature="tearDown()[pri:0, instance:com.partnerPortal.qa.testcases.HomePageTest@10aa41f2]" started-at="2024-10-08T11:31:14 IST" name="tearDown" finished-at="2024-10-08T11:31:15 IST" duration-ms="1224" status="PASS">
          <reporter-output>
          </reporter-output>
        </test-method> <!-- tearDown -->
        <test-method is-config="true" signature="setUp()[pri:0, instance:com.partnerPortal.qa.testcases.HomePageTest@10aa41f2]" started-at="2024-10-08T11:31:15 IST" name="setUp" finished-at="2024-10-08T11:31:22 IST" duration-ms="6429" status="PASS">
          <reporter-output>
          </reporter-output>
        </test-method> <!-- setUp -->
        <test-method signature="verifyPostIssuance_YTD()[pri:13, instance:com.partnerPortal.qa.testcases.HomePageTest@10aa41f2]" started-at="2024-10-08T11:31:22 IST" name="verifyPostIssuance_YTD" finished-at="2024-10-08T11:31:29 IST" duration-ms="6774" status="PASS">
          <reporter-output>
          </reporter-output>
        </test-method> <!-- verifyPostIssuance_YTD -->
        <test-method is-config="true" signature="tearDown()[pri:0, instance:com.partnerPortal.qa.testcases.HomePageTest@10aa41f2]" started-at="2024-10-08T11:31:29 IST" name="tearDown" finished-at="2024-10-08T11:31:30 IST" duration-ms="1174" status="PASS">
          <reporter-output>
          </reporter-output>
        </test-method> <!-- tearDown -->
        <test-method is-config="true" signature="setUp()[pri:0, instance:com.partnerPortal.qa.testcases.HomePageTest@10aa41f2]" started-at="2024-10-08T11:31:30 IST" name="setUp" finished-at="2024-10-08T11:31:37 IST" duration-ms="6878" status="PASS">
          <reporter-output>
          </reporter-output>
        </test-method> <!-- setUp -->
        <test-method signature="verifyNach_FYIP()[pri:14, instance:com.partnerPortal.qa.testcases.HomePageTest@10aa41f2]" started-at="2024-10-08T11:31:37 IST" name="verifyNach_FYIP" finished-at="2024-10-08T11:31:39 IST" duration-ms="2684" status="PASS">
          <reporter-output>
          </reporter-output>
        </test-method> <!-- verifyNach_FYIP -->
        <test-method is-config="true" signature="tearDown()[pri:0, instance:com.partnerPortal.qa.testcases.HomePageTest@10aa41f2]" started-at="2024-10-08T11:31:39 IST" name="tearDown" finished-at="2024-10-08T11:31:41 IST" duration-ms="1243" status="PASS">
          <reporter-output>
          </reporter-output>
        </test-method> <!-- tearDown -->
        <test-method is-config="true" signature="setUp()[pri:0, instance:com.partnerPortal.qa.testcases.HomePageTest@10aa41f2]" started-at="2024-10-08T11:31:41 IST" name="setUp" finished-at="2024-10-08T11:31:48 IST" duration-ms="7437" status="PASS">
          <reporter-output>
          </reporter-output>
        </test-method> <!-- setUp -->
        <test-method signature="verifyNach_MTD()[pri:15, instance:com.partnerPortal.qa.testcases.HomePageTest@10aa41f2]" started-at="2024-10-08T11:31:48 IST" name="verifyNach_MTD" finished-at="2024-10-08T11:31:55 IST" duration-ms="7407" status="PASS">
          <reporter-output>
          </reporter-output>
        </test-method> <!-- verifyNach_MTD -->
        <test-method is-config="true" signature="tearDown()[pri:0, instance:com.partnerPortal.qa.testcases.HomePageTest@10aa41f2]" started-at="2024-10-08T11:31:55 IST" name="tearDown" finished-at="2024-10-08T11:31:57 IST" duration-ms="1208" status="PASS">
          <reporter-output>
          </reporter-output>
        </test-method> <!-- tearDown -->
        <test-method is-config="true" signature="setUp()[pri:0, instance:com.partnerPortal.qa.testcases.HomePageTest@10aa41f2]" started-at="2024-10-08T11:31:57 IST" name="setUp" finished-at="2024-10-08T11:32:04 IST" duration-ms="6965" status="PASS">
          <reporter-output>
          </reporter-output>
        </test-method> <!-- setUp -->
        <test-method signature="reports()[pri:16, instance:com.partnerPortal.qa.testcases.HomePageTest@10aa41f2]" started-at="2024-10-08T11:32:04 IST" name="reports" finished-at="2024-10-08T11:32:09 IST" duration-ms="5094" status="PASS">
          <reporter-output>
          </reporter-output>
        </test-method> <!-- reports -->
        <test-method is-config="true" signature="tearDown()[pri:0, instance:com.partnerPortal.qa.testcases.HomePageTest@10aa41f2]" started-at="2024-10-08T11:32:09 IST" name="tearDown" finished-at="2024-10-08T11:32:10 IST" duration-ms="1214" status="PASS">
          <reporter-output>
          </reporter-output>
        </test-method> <!-- tearDown -->
        <test-method is-config="true" signature="setUp()[pri:0, instance:com.partnerPortal.qa.testcases.HomePageTest@10aa41f2]" started-at="2024-10-08T11:32:10 IST" name="setUp" finished-at="2024-10-08T11:32:20 IST" duration-ms="9607" status="PASS">
          <reporter-output>
          </reporter-output>
        </test-method> <!-- setUp -->
        <test-method signature="logout()[pri:17, instance:com.partnerPortal.qa.testcases.HomePageTest@10aa41f2]" started-at="2024-10-08T11:32:20 IST" name="logout" finished-at="2024-10-08T11:32:20 IST" duration-ms="332" status="PASS">
          <reporter-output>
          </reporter-output>
        </test-method> <!-- logout -->
        <test-method is-config="true" signature="tearDown()[pri:0, instance:com.partnerPortal.qa.testcases.HomePageTest@10aa41f2]" started-at="2024-10-08T11:32:20 IST" name="tearDown" finished-at="2024-10-08T11:32:21 IST" duration-ms="1257" status="PASS">
          <reporter-output>
          </reporter-output>
        </test-method> <!-- tearDown -->
      </class> <!-- com.partnerPortal.qa.testcases.HomePageTest -->
    </test> <!-- Partner Portal App Test Cases -->
  </suite> <!-- Partner Portal Application Test Automation Test Suite -->
</testng-results>
