<?xml version="1.0" encoding="UTF-8"?>
<testng-results ignored="0" total="2" passed="2" failed="0" skipped="0">
  <reporter-output>
  </reporter-output>
  <suite started-at="2024-10-07T16:36:26 IST" name="Partner Portal Application Test Automation Test Suite" finished-at="2024-10-07T16:36:42 IST" duration-ms="16470">
    <groups>
    </groups>
    <test started-at="2024-10-07T16:36:26 IST" name="Partner Portal App Test Cases" finished-at="2024-10-07T16:36:42 IST" duration-ms="16470">
      <class name="com.partnerPortal.qa.testcases.LoginPageTest">
        <test-method is-config="true" signature="setUp()[pri:0, instance:com.partnerPortal.qa.testcases.LoginPageTest@7dc0f706]" started-at="2024-10-07T16:36:26 IST" name="setUp" finished-at="2024-10-07T16:36:34 IST" duration-ms="7725" status="PASS">
          <reporter-output>
          </reporter-output>
        </test-method> <!-- setUp -->
        <test-method signature="loginTest()[pri:0, instance:com.partnerPortal.qa.testcases.LoginPageTest@7dc0f706]" started-at="2024-10-07T16:36:34 IST" name="loginTest" finished-at="2024-10-07T16:36:36 IST" duration-ms="1905" status="PASS">
          <reporter-output>
          </reporter-output>
        </test-method> <!-- loginTest -->
        <test-method is-config="true" signature="tearDown()[pri:0, instance:com.partnerPortal.qa.testcases.LoginPageTest@7dc0f706]" started-at="2024-10-07T16:36:36 IST" name="tearDown" finished-at="2024-10-07T16:36:37 IST" duration-ms="1160" status="PASS">
          <reporter-output>
          </reporter-output>
        </test-method> <!-- tearDown -->
        <test-method is-config="true" signature="setUp()[pri:0, instance:com.partnerPortal.qa.testcases.LoginPageTest@7dc0f706]" started-at="2024-10-07T16:36:37 IST" name="setUp" finished-at="2024-10-07T16:36:41 IST" duration-ms="4239" status="PASS">
          <reporter-output>
          </reporter-output>
        </test-method> <!-- setUp -->
        <test-method signature="loginPageTitleTest()[pri:1, instance:com.partnerPortal.qa.testcases.LoginPageTest@7dc0f706]" started-at="2024-10-07T16:36:41 IST" name="loginPageTitleTest" finished-at="2024-10-07T16:36:41 IST" duration-ms="17" status="PASS">
          <reporter-output>
          </reporter-output>
        </test-method> <!-- loginPageTitleTest -->
        <test-method is-config="true" signature="tearDown()[pri:0, instance:com.partnerPortal.qa.testcases.LoginPageTest@7dc0f706]" started-at="2024-10-07T16:36:41 IST" name="tearDown" finished-at="2024-10-07T16:36:42 IST" duration-ms="1023" status="PASS">
          <reporter-output>
          </reporter-output>
        </test-method> <!-- tearDown -->
      </class> <!-- com.partnerPortal.qa.testcases.LoginPageTest -->
    </test> <!-- Partner Portal App Test Cases -->
  </suite> <!-- Partner Portal Application Test Automation Test Suite -->
</testng-results>
